<?xml version="1.0" encoding="UTF-8"?>
<!-- Generated by org.testng.reporters.JUnitReportReporter -->
<testsuite skipped="1" hostname="LAPTOP-8A6PPD0H" name="com.tests.LoginTest" tests="3" failures="0" timestamp="2023-01-31T15:02:21 IST" time="1.365" errors="0">
  <testcase name="test02" time="1.328" classname="com.tests.LoginTest"/>
  <system-out/>
  <testcase name="test01" time="0.034" classname="com.tests.LoginTest"/>
  <system-out/>
  <testcase name="test03" time="0.003" classname="com.tests.LoginTest">
    <skipped/>
  </testcase> <!-- test03 -->
  <system-out/>
</testsuite> <!-- com.tests.LoginTest -->
